http server listening on 5000
A user connected. Assigning UserID...
Player nUm76on-UVDg-V88AAAA connected!
Total player: 1
Food eaten
Food eaten
Food eaten
Food eaten
Food eaten
Food eaten
Food eaten
Food eaten
Food eaten
Food eaten
Food eaten
Food eaten
Food eaten
Food eaten
Food eaten
User #nUm76on-UVDg-V88AAAA disconnected
http server listening on 5000
A user connected. Assigning UserID...
Player gumFyo1LOXPJ3dvaAAAA connected!
Total player: 1
Food eaten
Food eaten
Food eaten
Food eaten
Food eaten
Food eaten
Food eaten
Food eaten
Food eaten
Food eaten
Food eaten
Food eaten
Food eaten
Food eaten
Food eaten
Food eaten
Food eaten
Food eaten
Food eaten
Food eaten
Food eaten
Food eaten
Food eaten
User #gumFyo1LOXPJ3dvaAAAA disconnected
http server listening on 5000
A user connected. Assigning UserID...
Player Bwk_96RUNgHCJG63AAAA connected!
Total player: 1
Food eaten
Food eaten
Food eaten
Food eaten
Food eaten
Food eaten
Food eaten
Food eaten
Food eaten
Food eaten
Food eaten
Food eaten
Food eaten
Food eaten
User #Bwk_96RUNgHCJG63AAAA disconnected
